<?xml version="1.0" encoding="UTF-8"?>
<testng-results skipped="0" failed="0" ignored="0" total="1" passed="1">
  <reporter-output>
  </reporter-output>
  <suite name="Default suite" duration-ms="38148" started-at="2019-05-14T02:25:02Z" finished-at="2019-05-14T02:25:40Z">
    <groups>
    </groups>
    <test name="Default test" duration-ms="38148" started-at="2019-05-14T02:25:02Z" finished-at="2019-05-14T02:25:40Z">
      <class name="testNG.MouseHoverElement">
        <test-method status="PASS" signature="launchapp()[pri:0, instance:testNG.MouseHoverElement@7a1ebcd8]" name="launchapp" is-config="true" duration-ms="12015" started-at="2019-05-14T02:25:02Z" finished-at="2019-05-14T02:25:14Z">
          <reporter-output>
          </reporter-output>
        </test-method> <!-- launchapp -->
        <test-method status="PASS" signature="mouseHover()[pri:0, instance:testNG.MouseHoverElement@7a1ebcd8]" name="mouseHover" duration-ms="26103" started-at="2019-05-14T02:25:14Z" finished-at="2019-05-14T02:25:40Z">
          <reporter-output>
          </reporter-output>
        </test-method> <!-- mouseHover -->
        <test-method status="PASS" signature="exit()[pri:0, instance:testNG.MouseHoverElement@7a1ebcd8]" name="exit" is-config="true" duration-ms="0" started-at="2019-05-14T02:25:40Z" finished-at="2019-05-14T02:25:40Z">
          <reporter-output>
          </reporter-output>
        </test-method> <!-- exit -->
      </class> <!-- testNG.MouseHoverElement -->
    </test> <!-- Default test -->
  </suite> <!-- Default suite -->
</testng-results>
